<?xml version="1.0" encoding="UTF-8" standalone="yes"?>

<persistence
	xmlns="http://xmlns.jcp.org/xml/ns/persistence"
	xmlns:xsi="http://www.w3.org/2001/XMLSchema-instance" 
	version="2.1"
	xsi:schemaLocation="http://xmlns.jcp.org/xml/ns/persistence http://xmlns.jcp.org/xml/ns/persistence/persistence_2_1.xsd">
	
	<persistence-unit name="wsur2TestPU" transaction-type="JTA">
		<provider>org.hibernate.ejb.HibernatePersistence</provider>
		
		<jta-data-source>java:global/datasources/wsur2TestDS</jta-data-source>
		
		<exclude-unlisted-classes>false</exclude-unlisted-classes>
		
		<shared-cache-mode>ENABLE_SELECTIVE</shared-cache-mode>
		
		<validation-mode>CALLBACK</validation-mode>
		
		<properties>
			<!-- 
				Very unfortunate workaround to get the data source to work with JPA in WildFly 8.
				See https://issues.jboss.org/browse/WFLY-2727  
			-->
			<!-- <property name="wildfly.jpa.twophasebootstrap" value="false" /> -->
			
			<property name="hibernate.dialect" value="org.hibernate.dialect.MySQL5InnoDBDialect" />
			<property name="hibernate.show_sql" value="true" />
			<property name="hibernate.format_sql" value="true" />
			
			<property name="hibernate.cache.use_second_level_cache" value="true"/>
			<property name="hibernate.cache.use_query_cache" value="true" />
			
			<property name="javax.persistence.validation.group.pre-remove" value="com.rtmdn.jpa.validation.PreRemove"/>
			
			<property name="javax.persistence.schema-generation.database.action" value="drop-and-create" />
			<property name="javax.persistence.schema-generation.drop-source" value="script" />
			<property name="javax.persistence.schema-generation.create-source" value="script-then-metadata" />
			
			<property name="javax.persistence.schema-generation.drop-script-source" value="META-INF/drop.ddl" />
			<property name="javax.persistence.schema-generation.create-script-source" value="META-INF/create.ddl" />
			<property name="javax.persistence.sql-load-script-source" value="META-INF/load.ddl" />
		</properties>
	</persistence-unit>
	
	<!-- <persistence-unit name="mapsTestBatchPU" transaction-type="JTA">
		<provider>org.hibernate.ejb.HibernatePersistence</provider>
		
		<jta-data-source>java:jboss/datasources/mapsTestDS</jta-data-source>
		
		<exclude-unlisted-classes>true</exclude-unlisted-classes>
		
		<shared-cache-mode>NONE</shared-cache-mode>
		
		<validation-mode>NONE</validation-mode>
		
		<properties>
			<property name="hibernate.dialect" value="org.hibernate.dialect.MySQL5InnoDBDialect" />
			<property name="hibernate.show_sql" value="false" />
			<property name="hibernate.format_sql" value="false" />
			
			<property name="hibernate.cache.use_second_level_cache" value="false"/>
			<property name="hibernate.cache.use_query_cache" value="false" />
		</properties>
	</persistence-unit> -->
</persistence>
